<?xml version="1.0" encoding="UTF-8"?>
<testng-results skipped="0" failed="0" ignored="0" total="1" passed="1">
  <reporter-output>
  </reporter-output>
  <suite name="Default suite" duration-ms="25405" started-at="2019-11-27T10:38:23 IST" finished-at="2019-11-27T10:38:48 IST">
    <groups>
    </groups>
    <test name="Default test" duration-ms="25405" started-at="2019-11-27T10:38:23 IST" finished-at="2019-11-27T10:38:48 IST">
      <class name="tests.LoginTest">
        <test-method status="PASS" signature="launchapplication()[pri:0, instance:tests.LoginTest@23e028a9]" name="launchapplication" is-config="true" duration-ms="10779" started-at="2019-11-27T10:38:12 IST" finished-at="2019-11-27T10:38:23 IST">
          <reporter-output>
          </reporter-output>
        </test-method> <!-- launchapplication -->
        <test-method status="PASS" signature="loginApplication()[pri:0, instance:tests.LoginTest@23e028a9]" name="loginApplication" is-config="true" duration-ms="10039" started-at="2019-11-27T10:38:23 IST" finished-at="2019-11-27T10:38:33 IST">
          <reporter-output>
          </reporter-output>
        </test-method> <!-- loginApplication -->
        <test-method status="PASS" signature="publishArticle()[pri:0, instance:tests.LoginTest@23e028a9]" name="publishArticle" duration-ms="15318" started-at="2019-11-27T10:38:33 IST" finished-at="2019-11-27T10:38:48 IST">
          <reporter-output>
          </reporter-output>
        </test-method> <!-- publishArticle -->
        <test-method status="PASS" signature="logout()[pri:0, instance:tests.LoginTest@23e028a9]" name="logout" is-config="true" duration-ms="0" started-at="2019-11-27T10:38:48 IST" finished-at="2019-11-27T10:38:48 IST">
          <reporter-output>
          </reporter-output>
        </test-method> <!-- logout -->
        <test-method status="PASS" signature="quit()[pri:0, instance:tests.LoginTest@23e028a9]" name="quit" is-config="true" duration-ms="748" started-at="2019-11-27T10:38:48 IST" finished-at="2019-11-27T10:38:49 IST">
          <reporter-output>
          </reporter-output>
        </test-method> <!-- quit -->
      </class> <!-- tests.LoginTest -->
    </test> <!-- Default test -->
  </suite> <!-- Default suite -->
</testng-results>
